  save.cpp
C:\Users\User\Desktop\STL\2021-1-STL 화56목56\save.cpp(24,39): warning C4996: 'localtime': This function or variable may be unsafe. Consider using localtime_s instead. To disable deprecation, use _CRT_SECURE_NO_WARNINGS. See online help for details.
  소스.cpp
C:\Users\User\Desktop\STL\2021-1-STL 화56목56\String.h(64,21): warning C4018: '<': signed 또는 unsigned가 일치하지 않습니다.
C:\Users\User\Desktop\STL\2021-1-STL 화56목56\String.h(179,20): warning C4018: '<': signed 또는 unsigned가 일치하지 않습니다.
C:\Program Files (x86)\Microsoft Visual Studio\2019\Enterprise\VC\Tools\MSVC\14.28.29333\include\algorithm(7571,5): error C2672: '_Sort_unchecked': 일치하는 오버로드된 함수가 없습니다.
C:\Program Files (x86)\Microsoft Visual Studio\2019\Enterprise\VC\Tools\MSVC\14.28.29333\include\algorithm(7576): message : 컴파일되는 함수 템플릿 인스턴스화 'void std::sort<_RanIt,std::less<void>>(const _RanIt,const _RanIt,_Pr)'에 대한 참조를 확인하세요.
          with
          [
              _RanIt=String::iterator,
              _Pr=std::less<void>
          ]
C:\Users\User\Desktop\STL\2021-1-STL 화56목56\소스.cpp(31): message : 컴파일되는 함수 템플릿 인스턴스화 'void std::sort<String::iterator>(const _RanIt,const _RanIt)'에 대한 참조를 확인하세요.
          with
          [
              _RanIt=String::iterator
          ]
C:\Program Files (x86)\Microsoft Visual Studio\2019\Enterprise\VC\Tools\MSVC\14.28.29333\include\algorithm(7571,1): error C2893: 함수 템플릿 'void std::_Sort_unchecked(_RanIt,_RanIt,iterator_traits<_Iter>::difference_type,_Pr)'을(를) 특수화하지 못했습니다.
C:\Program Files (x86)\Microsoft Visual Studio\2019\Enterprise\VC\Tools\MSVC\14.28.29333\include\algorithm(7537): message : 'std::_Sort_unchecked' 선언을 참조하십시오.
C:\Program Files (x86)\Microsoft Visual Studio\2019\Enterprise\VC\Tools\MSVC\14.28.29333\include\algorithm(7571,1): message : 다음 템플릿 인수 사용:
C:\Program Files (x86)\Microsoft Visual Studio\2019\Enterprise\VC\Tools\MSVC\14.28.29333\include\algorithm(7571,1): message : '_RanIt=_RanIt'
C:\Program Files (x86)\Microsoft Visual Studio\2019\Enterprise\VC\Tools\MSVC\14.28.29333\include\algorithm(7571,1): message : '_Pr=_Fn'
